Checking whether the ASM compiler is GNU using "--version" did not match "(GNU assembler)|(GCC)|(Free Software Foundation)":
Android (10552028, based on r487747d) clang version 17.0.2 (https://android.googlesource.com/toolchain/llvm-project d9f89f4d16663d5012e5c09495f3b30ece3d2362)
Target: x86_64-w64-windows-gnu
Thread model: posix
InstalledDir: C:/Users/axoglock/AppData/Local/Android/SDK/ndk/26.1.10909125/toolchains/llvm/prebuilt/windows-x86_64/bin
Performing C SOURCE FILE Test CMAKE_HAVE_LIBC_PTHREAD failed with the following output:
Change Dir: C:/transcriber/app/.cxx/Debug/4r4le1q6/x86_64/CMakeFiles/CMakeTmp

Run Build Command(s):C:\Users\axoglock\AppData\Local\Android\SDK\cmake\3.22.1\bin\ninja.exe cmTC_9a76c && [1/2] Building C object CMakeFiles/cmTC_9a76c.dir/src.c.o
FAILED: CMakeFiles/cmTC_9a76c.dir/src.c.o 
C:\Users\axoglock\AppData\Local\Android\SDK\ndk\26.1.10909125\toolchains\llvm\prebuilt\windows-x86_64\bin\clang.exe --target=x86_64-none-linux-android33 --sysroot=C:/Users/axoglock/AppData/Local/Android/SDK/ndk/26.1.10909125/toolchains/llvm/prebuilt/windows-x86_64/sysroot -DCMAKE_HAVE_LIBC_PTHREAD  -g -DANDROID -fdata-sections -ffunction-sections -funwind-tables -fstack-protector-strong -no-canonical-prefixes -D_FORTIFY_SOURCE=2 -Wformat -Werror=format-security   -fPIE -std=gnu11 -MD -MT CMakeFiles/cmTC_9a76c.dir/src.c.o -MF CMakeFiles\cmTC_9a76c.dir\src.c.o.d -o CMakeFiles/cmTC_9a76c.dir/src.c.o -c C:/transcriber/app/.cxx/Debug/4r4le1q6/x86_64/CMakeFiles/CMakeTmp/src.c
C:/transcriber/app/.cxx/Debug/4r4le1q6/x86_64/CMakeFiles/CMakeTmp/src.c:13:3: error: call to undeclared function 'pthread_cancel'; ISO C99 and later do not support implicit function declarations [-Wimplicit-function-declaration]
  pthread_cancel(thread);
  ^
C:/transcriber/app/.cxx/Debug/4r4le1q6/x86_64/CMakeFiles/CMakeTmp/src.c:13:3: note: did you mean 'pthread_once'?
C:/Users/axoglock/AppData/Local/Android/SDK/ndk/26.1.10909125/toolchains/llvm/prebuilt/windows-x86_64/sysroot/usr/include/pthread.h:258:5: note: 'pthread_once' declared here
int pthread_once(pthread_once_t* _Nonnull __once, void (* _Nonnull __init_routine)(void));
    ^
1 error generated.
ninja: build stopped: subcommand failed.


Source file was:
#include <pthread.h>

static void* test_func(void* data)
{
  return data;
}

int main(void)
{
  pthread_t thread;
  pthread_create(&thread, NULL, test_func, NULL);
  pthread_detach(thread);
  pthread_cancel(thread);
  pthread_join(thread, NULL);
  pthread_atfork(NULL, NULL, NULL);
  pthread_exit(NULL);

  return 0;
}

